1/29/2024 6:12:36 PM : Starting Network Model Serivice...
1/29/2024 6:12:37 PM : The WCF service GenericDataAccess is ready.
1/29/2024 6:12:37 PM : Endpoints:
1/29/2024 6:12:37 PM : net.tcp://localhost:10000/NetworkModelService/GDA/
1/29/2024 6:12:37 PM : Connection string: ../NetworkModelData.data
1/29/2024 6:12:37 PM : Trace level: Info
1/29/2024 6:12:37 PM : The Network Model Service is started.
1/29/2024 6:12:37 PM : Press <Enter> to stop the service.
1/29/2024 6:12:48 PM : Applying  delta to network model.
1/29/2024 6:12:48 PM : Inserting entity with GID (0000000100000001).
1/29/2024 6:12:48 PM : Inserting entity with GID (0000000500000001).
1/29/2024 6:12:48 PM : Inserting entity with GID (0000000500000002).
1/29/2024 6:12:48 PM : Inserting entity with GID (0000000600000001).
1/29/2024 6:12:48 PM : Inserting entity with GID (0000000600000002).
1/29/2024 6:12:48 PM : Inserting entity with GID (0000000200000001).
1/29/2024 6:12:48 PM : Inserting entity with GID (0000000300000001).
1/29/2024 6:12:48 PM : Inserting entity with GID (0000000400000001).
1/29/2024 6:12:48 PM : Inserting entity with GID (0000000400000002).
1/29/2024 6:12:48 PM : Inserting entity with GID (0000000400000003).
1/29/2024 6:12:48 PM : Applying delta to network model successfully finished.
1/29/2024 11:11:23 PM : Starting Network Model Serivice...
1/29/2024 11:11:24 PM : Inserting entity with GID (0000000100000001).
1/29/2024 11:11:24 PM : Inserting entity with GID (0000000500000001).
1/29/2024 11:11:24 PM : Inserting entity with GID (0000000500000002).
1/29/2024 11:11:24 PM : Inserting entity with GID (0000000600000001).
1/29/2024 11:11:24 PM : Inserting entity with GID (0000000600000002).
1/29/2024 11:11:24 PM : Inserting entity with GID (0000000200000001).
1/29/2024 11:11:24 PM : Inserting entity with GID (0000000300000001).
1/29/2024 11:11:24 PM : Inserting entity with GID (0000000400000001).
1/29/2024 11:11:24 PM : Inserting entity with GID (0000000400000002).
1/29/2024 11:11:24 PM : Inserting entity with GID (0000000400000003).
1/29/2024 11:11:24 PM : The WCF service GenericDataAccess is ready.
1/29/2024 11:11:24 PM : Endpoints:
1/29/2024 11:11:24 PM : net.tcp://localhost:10000/NetworkModelService/GDA/
1/29/2024 11:11:24 PM : Connection string: ../NetworkModelData.data
1/29/2024 11:11:24 PM : Trace level: Info
1/29/2024 11:11:24 PM : The Network Model Service is started.
1/29/2024 11:11:24 PM : Press <Enter> to stop the service.
1/29/2024 11:17:20 PM : Starting Network Model Serivice...
1/29/2024 11:17:20 PM : Inserting entity with GID (0000000100000001).
1/29/2024 11:17:20 PM : Inserting entity with GID (0000000500000001).
1/29/2024 11:17:20 PM : Inserting entity with GID (0000000500000002).
1/29/2024 11:17:20 PM : Inserting entity with GID (0000000600000001).
1/29/2024 11:17:20 PM : Inserting entity with GID (0000000600000002).
1/29/2024 11:17:20 PM : Inserting entity with GID (0000000200000001).
1/29/2024 11:17:20 PM : Inserting entity with GID (0000000300000001).
1/29/2024 11:17:20 PM : Inserting entity with GID (0000000400000001).
1/29/2024 11:17:20 PM : Inserting entity with GID (0000000400000002).
1/29/2024 11:17:20 PM : Inserting entity with GID (0000000400000003).
1/29/2024 11:17:21 PM : The WCF service GenericDataAccess is ready.
1/29/2024 11:17:21 PM : Endpoints:
1/29/2024 11:17:21 PM : net.tcp://localhost:10000/NetworkModelService/GDA/
1/29/2024 11:17:21 PM : Connection string: ../NetworkModelData.data
1/29/2024 11:17:21 PM : Trace level: Info
1/29/2024 11:17:21 PM : The Network Model Service is started.
1/29/2024 11:17:21 PM : Press <Enter> to stop the service.
1/30/2024 6:57:46 PM : Starting Network Model Serivice...
1/30/2024 6:57:46 PM : Inserting entity with GID (0000000100000001).
1/30/2024 6:57:46 PM : Inserting entity with GID (0000000500000001).
1/30/2024 6:57:46 PM : Inserting entity with GID (0000000500000002).
1/30/2024 6:57:46 PM : Inserting entity with GID (0000000600000001).
1/30/2024 6:57:46 PM : Inserting entity with GID (0000000600000002).
1/30/2024 6:57:46 PM : Inserting entity with GID (0000000200000001).
1/30/2024 6:57:46 PM : Inserting entity with GID (0000000300000001).
1/30/2024 6:57:46 PM : Inserting entity with GID (0000000400000001).
1/30/2024 6:57:46 PM : Inserting entity with GID (0000000400000002).
1/30/2024 6:57:46 PM : Inserting entity with GID (0000000400000003).
1/30/2024 6:57:46 PM : The WCF service GenericDataAccess is ready.
1/30/2024 6:57:46 PM : Endpoints:
1/30/2024 6:57:46 PM : net.tcp://localhost:10000/NetworkModelService/GDA/
1/30/2024 6:57:46 PM : Connection string: ../NetworkModelData.data
1/30/2024 6:57:46 PM : Trace level: Info
1/30/2024 6:57:46 PM : The Network Model Service is started.
1/30/2024 6:57:46 PM : Press <Enter> to stop the service.
1/31/2024 1:16:58 AM : Starting Network Model Serivice...
1/31/2024 1:16:58 AM : Inserting entity with GID (0000000100000001).
1/31/2024 1:16:58 AM : Inserting entity with GID (0000000500000001).
1/31/2024 1:16:58 AM : Inserting entity with GID (0000000500000002).
1/31/2024 1:16:58 AM : Inserting entity with GID (0000000600000001).
1/31/2024 1:16:58 AM : Inserting entity with GID (0000000600000002).
1/31/2024 1:16:58 AM : Inserting entity with GID (0000000200000001).
1/31/2024 1:16:58 AM : Inserting entity with GID (0000000300000001).
1/31/2024 1:16:58 AM : Inserting entity with GID (0000000400000001).
1/31/2024 1:16:58 AM : Inserting entity with GID (0000000400000002).
1/31/2024 1:16:58 AM : Inserting entity with GID (0000000400000003).
1/31/2024 1:16:58 AM : The WCF service GenericDataAccess is ready.
1/31/2024 1:16:58 AM : Endpoints:
1/31/2024 1:16:58 AM : net.tcp://localhost:10000/NetworkModelService/GDA/
1/31/2024 1:16:58 AM : Connection string: ../NetworkModelData.data
1/31/2024 1:16:58 AM : Trace level: Info
1/31/2024 1:16:58 AM : The Network Model Service is started.
1/31/2024 1:16:58 AM : Press <Enter> to stop the service.
1/31/2024 1:32:49 AM : Starting Network Model Serivice...
1/31/2024 1:32:49 AM : Inserting entity with GID (0000000100000001).
1/31/2024 1:32:49 AM : Inserting entity with GID (0000000500000001).
1/31/2024 1:32:49 AM : Inserting entity with GID (0000000500000002).
1/31/2024 1:32:49 AM : Inserting entity with GID (0000000600000001).
1/31/2024 1:32:49 AM : Inserting entity with GID (0000000600000002).
1/31/2024 1:32:49 AM : Inserting entity with GID (0000000200000001).
1/31/2024 1:32:49 AM : Inserting entity with GID (0000000300000001).
1/31/2024 1:32:49 AM : Inserting entity with GID (0000000400000001).
1/31/2024 1:32:49 AM : Inserting entity with GID (0000000400000002).
1/31/2024 1:32:49 AM : Inserting entity with GID (0000000400000003).
1/31/2024 1:32:50 AM : The WCF service GenericDataAccess is ready.
1/31/2024 1:32:50 AM : Endpoints:
1/31/2024 1:32:50 AM : net.tcp://localhost:10000/NetworkModelService/GDA/
1/31/2024 1:32:50 AM : Connection string: ../NetworkModelData.data
1/31/2024 1:32:50 AM : Trace level: Info
1/31/2024 1:32:50 AM : The Network Model Service is started.
1/31/2024 1:32:50 AM : Press <Enter> to stop the service.
1/31/2024 5:12:59 PM : Starting Network Model Serivice...
1/31/2024 5:12:59 PM : Inserting entity with GID (0000000100000001).
1/31/2024 5:12:59 PM : Inserting entity with GID (0000000500000001).
1/31/2024 5:12:59 PM : Inserting entity with GID (0000000500000002).
1/31/2024 5:12:59 PM : Inserting entity with GID (0000000600000001).
1/31/2024 5:12:59 PM : Inserting entity with GID (0000000600000002).
1/31/2024 5:12:59 PM : Inserting entity with GID (0000000200000001).
1/31/2024 5:12:59 PM : Inserting entity with GID (0000000300000001).
1/31/2024 5:12:59 PM : Inserting entity with GID (0000000400000001).
1/31/2024 5:12:59 PM : Inserting entity with GID (0000000400000002).
1/31/2024 5:12:59 PM : Inserting entity with GID (0000000400000003).
1/31/2024 5:12:59 PM : The WCF service GenericDataAccess is ready.
1/31/2024 5:12:59 PM : Endpoints:
1/31/2024 5:12:59 PM : net.tcp://localhost:10000/NetworkModelService/GDA/
1/31/2024 5:12:59 PM : Connection string: ../NetworkModelData.data
1/31/2024 5:12:59 PM : Trace level: Info
1/31/2024 5:12:59 PM : The Network Model Service is started.
1/31/2024 5:12:59 PM : Press <Enter> to stop the service.
1/31/2024 5:19:28 PM : Starting Network Model Serivice...
1/31/2024 5:19:29 PM : Inserting entity with GID (0000000100000001).
1/31/2024 5:19:29 PM : Inserting entity with GID (0000000500000001).
1/31/2024 5:19:29 PM : Inserting entity with GID (0000000500000002).
1/31/2024 5:19:29 PM : Inserting entity with GID (0000000600000001).
1/31/2024 5:19:29 PM : Inserting entity with GID (0000000600000002).
1/31/2024 5:19:29 PM : Inserting entity with GID (0000000200000001).
1/31/2024 5:19:29 PM : Inserting entity with GID (0000000300000001).
1/31/2024 5:19:29 PM : Inserting entity with GID (0000000400000001).
1/31/2024 5:19:29 PM : Inserting entity with GID (0000000400000002).
1/31/2024 5:19:29 PM : Inserting entity with GID (0000000400000003).
1/31/2024 5:19:29 PM : The WCF service GenericDataAccess is ready.
1/31/2024 5:19:29 PM : Endpoints:
1/31/2024 5:19:29 PM : net.tcp://localhost:10000/NetworkModelService/GDA/
1/31/2024 5:19:29 PM : Connection string: ../NetworkModelData.data
1/31/2024 5:19:29 PM : Trace level: Info
1/31/2024 5:19:29 PM : The Network Model Service is started.
1/31/2024 5:19:29 PM : Press <Enter> to stop the service.
1/31/2024 6:12:50 PM : Starting Network Model Serivice...
1/31/2024 6:12:51 PM : Inserting entity with GID (0000000100000001).
1/31/2024 6:12:51 PM : Inserting entity with GID (0000000500000001).
1/31/2024 6:12:51 PM : Inserting entity with GID (0000000500000002).
1/31/2024 6:12:51 PM : Inserting entity with GID (0000000600000001).
1/31/2024 6:12:51 PM : Inserting entity with GID (0000000600000002).
1/31/2024 6:12:51 PM : Inserting entity with GID (0000000200000001).
1/31/2024 6:12:51 PM : Inserting entity with GID (0000000300000001).
1/31/2024 6:12:51 PM : Inserting entity with GID (0000000400000001).
1/31/2024 6:12:51 PM : Inserting entity with GID (0000000400000002).
1/31/2024 6:12:51 PM : Inserting entity with GID (0000000400000003).
1/31/2024 6:12:51 PM : The WCF service GenericDataAccess is ready.
1/31/2024 6:12:51 PM : Endpoints:
1/31/2024 6:12:51 PM : net.tcp://localhost:10000/NetworkModelService/GDA/
1/31/2024 6:12:51 PM : Connection string: ../NetworkModelData.data
1/31/2024 6:12:51 PM : Trace level: Info
1/31/2024 6:12:51 PM : The Network Model Service is started.
1/31/2024 6:12:51 PM : Press <Enter> to stop the service.
1/31/2024 6:13:58 PM : Starting Network Model Serivice...
1/31/2024 6:13:58 PM : Inserting entity with GID (0000000100000001).
1/31/2024 6:13:58 PM : Inserting entity with GID (0000000500000001).
1/31/2024 6:13:58 PM : Inserting entity with GID (0000000500000002).
1/31/2024 6:13:58 PM : Inserting entity with GID (0000000600000001).
1/31/2024 6:13:58 PM : Inserting entity with GID (0000000600000002).
1/31/2024 6:13:58 PM : Inserting entity with GID (0000000200000001).
1/31/2024 6:13:58 PM : Inserting entity with GID (0000000300000001).
1/31/2024 6:13:58 PM : Inserting entity with GID (0000000400000001).
1/31/2024 6:13:58 PM : Inserting entity with GID (0000000400000002).
1/31/2024 6:13:58 PM : Inserting entity with GID (0000000400000003).
1/31/2024 6:13:59 PM : The WCF service GenericDataAccess is ready.
1/31/2024 6:13:59 PM : Endpoints:
1/31/2024 6:13:59 PM : net.tcp://localhost:10000/NetworkModelService/GDA/
1/31/2024 6:13:59 PM : Connection string: ../NetworkModelData.data
1/31/2024 6:13:59 PM : Trace level: Info
1/31/2024 6:13:59 PM : The Network Model Service is started.
1/31/2024 6:13:59 PM : Press <Enter> to stop the service.
1/31/2024 6:38:21 PM : Starting Network Model Serivice...
1/31/2024 6:38:21 PM : Inserting entity with GID (0000000100000001).
1/31/2024 6:38:21 PM : Inserting entity with GID (0000000500000001).
1/31/2024 6:38:21 PM : Inserting entity with GID (0000000500000002).
1/31/2024 6:38:21 PM : Inserting entity with GID (0000000600000001).
1/31/2024 6:38:21 PM : Inserting entity with GID (0000000600000002).
1/31/2024 6:38:21 PM : Inserting entity with GID (0000000200000001).
1/31/2024 6:38:21 PM : Inserting entity with GID (0000000300000001).
1/31/2024 6:38:21 PM : Inserting entity with GID (0000000400000001).
1/31/2024 6:38:21 PM : Inserting entity with GID (0000000400000002).
1/31/2024 6:38:21 PM : Inserting entity with GID (0000000400000003).
1/31/2024 6:38:22 PM : The WCF service GenericDataAccess is ready.
1/31/2024 6:38:22 PM : Endpoints:
1/31/2024 6:38:22 PM : net.tcp://localhost:10000/NetworkModelService/GDA/
1/31/2024 6:38:22 PM : Connection string: ../NetworkModelData.data
1/31/2024 6:38:22 PM : Trace level: Info
1/31/2024 6:38:22 PM : The Network Model Service is started.
1/31/2024 6:38:22 PM : Press <Enter> to stop the service.
1/31/2024 6:39:48 PM : Starting Network Model Serivice...
1/31/2024 6:39:48 PM : Inserting entity with GID (0000000100000001).
1/31/2024 6:39:48 PM : Inserting entity with GID (0000000500000001).
1/31/2024 6:39:48 PM : Inserting entity with GID (0000000500000002).
1/31/2024 6:39:48 PM : Inserting entity with GID (0000000600000001).
1/31/2024 6:39:48 PM : Inserting entity with GID (0000000600000002).
1/31/2024 6:39:48 PM : Inserting entity with GID (0000000200000001).
1/31/2024 6:39:48 PM : Inserting entity with GID (0000000300000001).
1/31/2024 6:39:48 PM : Inserting entity with GID (0000000400000001).
1/31/2024 6:39:48 PM : Inserting entity with GID (0000000400000002).
1/31/2024 6:39:48 PM : Inserting entity with GID (0000000400000003).
1/31/2024 6:39:49 PM : The WCF service GenericDataAccess is ready.
1/31/2024 6:39:49 PM : Endpoints:
1/31/2024 6:39:49 PM : net.tcp://localhost:10000/NetworkModelService/GDA/
1/31/2024 6:39:49 PM : Connection string: ../NetworkModelData.data
1/31/2024 6:39:49 PM : Trace level: Info
1/31/2024 6:39:49 PM : The Network Model Service is started.
1/31/2024 6:39:49 PM : Press <Enter> to stop the service.
1/31/2024 6:45:59 PM : Starting Network Model Serivice...
1/31/2024 6:46:00 PM : Inserting entity with GID (0000000100000001).
1/31/2024 6:46:00 PM : Inserting entity with GID (0000000500000001).
1/31/2024 6:46:00 PM : Inserting entity with GID (0000000500000002).
1/31/2024 6:46:00 PM : Inserting entity with GID (0000000600000001).
1/31/2024 6:46:00 PM : Inserting entity with GID (0000000600000002).
1/31/2024 6:46:00 PM : Inserting entity with GID (0000000200000001).
1/31/2024 6:46:00 PM : Inserting entity with GID (0000000300000001).
1/31/2024 6:46:00 PM : Inserting entity with GID (0000000400000001).
1/31/2024 6:46:00 PM : Inserting entity with GID (0000000400000002).
1/31/2024 6:46:00 PM : Inserting entity with GID (0000000400000003).
1/31/2024 6:46:00 PM : The WCF service GenericDataAccess is ready.
1/31/2024 6:46:00 PM : Endpoints:
1/31/2024 6:46:00 PM : net.tcp://localhost:10000/NetworkModelService/GDA/
1/31/2024 6:46:00 PM : Connection string: ../NetworkModelData.data
1/31/2024 6:46:00 PM : Trace level: Info
1/31/2024 6:46:00 PM : The Network Model Service is started.
1/31/2024 6:46:00 PM : Press <Enter> to stop the service.
2/4/2024 12:37:17 AM : Starting Network Model Serivice...
2/4/2024 12:37:17 AM : Inserting entity with GID (0000000100000001).
2/4/2024 12:37:17 AM : Inserting entity with GID (0000000500000001).
2/4/2024 12:37:17 AM : Inserting entity with GID (0000000500000002).
2/4/2024 12:37:17 AM : Inserting entity with GID (0000000600000001).
2/4/2024 12:37:17 AM : Inserting entity with GID (0000000600000002).
2/4/2024 12:37:17 AM : Inserting entity with GID (0000000200000001).
2/4/2024 12:37:17 AM : Inserting entity with GID (0000000300000001).
2/4/2024 12:37:17 AM : Inserting entity with GID (0000000400000001).
2/4/2024 12:37:17 AM : Inserting entity with GID (0000000400000002).
2/4/2024 12:37:17 AM : Inserting entity with GID (0000000400000003).
2/4/2024 12:37:18 AM : The WCF service GenericDataAccess is ready.
2/4/2024 12:37:18 AM : Endpoints:
2/4/2024 12:37:18 AM : net.tcp://localhost:10000/NetworkModelService/GDA/
2/4/2024 12:37:18 AM : Connection string: ../NetworkModelData.data
2/4/2024 12:37:18 AM : Trace level: Info
2/4/2024 12:37:18 AM : The Network Model Service is started.
2/4/2024 12:37:18 AM : Press <Enter> to stop the service.
2/4/2024 12:38:48 AM : Starting Network Model Serivice...
2/4/2024 12:38:48 AM : Inserting entity with GID (0000000100000001).
2/4/2024 12:38:48 AM : Inserting entity with GID (0000000500000001).
2/4/2024 12:38:48 AM : Inserting entity with GID (0000000500000002).
2/4/2024 12:38:48 AM : Inserting entity with GID (0000000600000001).
2/4/2024 12:38:48 AM : Inserting entity with GID (0000000600000002).
2/4/2024 12:38:48 AM : Inserting entity with GID (0000000200000001).
2/4/2024 12:38:48 AM : Inserting entity with GID (0000000300000001).
2/4/2024 12:38:48 AM : Inserting entity with GID (0000000400000001).
2/4/2024 12:38:48 AM : Inserting entity with GID (0000000400000002).
2/4/2024 12:38:48 AM : Inserting entity with GID (0000000400000003).
2/4/2024 12:38:49 AM : The WCF service GenericDataAccess is ready.
2/4/2024 12:38:49 AM : Endpoints:
2/4/2024 12:38:49 AM : net.tcp://localhost:10000/NetworkModelService/GDA/
2/4/2024 12:38:49 AM : Connection string: ../NetworkModelData.data
2/4/2024 12:38:49 AM : Trace level: Info
2/4/2024 12:38:49 AM : The Network Model Service is started.
2/4/2024 12:38:49 AM : Press <Enter> to stop the service.
2/4/2024 12:40:42 AM : Starting Network Model Serivice...
2/4/2024 12:40:42 AM : Inserting entity with GID (0000000100000001).
2/4/2024 12:40:42 AM : Inserting entity with GID (0000000500000001).
2/4/2024 12:40:42 AM : Inserting entity with GID (0000000500000002).
2/4/2024 12:40:42 AM : Inserting entity with GID (0000000600000001).
2/4/2024 12:40:42 AM : Inserting entity with GID (0000000600000002).
2/4/2024 12:40:42 AM : Inserting entity with GID (0000000200000001).
2/4/2024 12:40:42 AM : Inserting entity with GID (0000000300000001).
2/4/2024 12:40:42 AM : Inserting entity with GID (0000000400000001).
2/4/2024 12:40:42 AM : Inserting entity with GID (0000000400000002).
2/4/2024 12:40:42 AM : Inserting entity with GID (0000000400000003).
2/4/2024 12:40:42 AM : The WCF service GenericDataAccess is ready.
2/4/2024 12:40:42 AM : Endpoints:
2/4/2024 12:40:42 AM : net.tcp://localhost:10000/NetworkModelService/GDA/
2/4/2024 12:40:42 AM : Connection string: ../NetworkModelData.data
2/4/2024 12:40:42 AM : Trace level: Info
2/4/2024 12:40:42 AM : The Network Model Service is started.
2/4/2024 12:40:42 AM : Press <Enter> to stop the service.
2/4/2024 12:44:02 AM : Starting Network Model Serivice...
2/4/2024 12:44:02 AM : Inserting entity with GID (0000000100000001).
2/4/2024 12:44:02 AM : Inserting entity with GID (0000000500000001).
2/4/2024 12:44:02 AM : Inserting entity with GID (0000000500000002).
2/4/2024 12:44:02 AM : Inserting entity with GID (0000000600000001).
2/4/2024 12:44:02 AM : Inserting entity with GID (0000000600000002).
2/4/2024 12:44:02 AM : Inserting entity with GID (0000000200000001).
2/4/2024 12:44:02 AM : Inserting entity with GID (0000000300000001).
2/4/2024 12:44:02 AM : Inserting entity with GID (0000000400000001).
2/4/2024 12:44:02 AM : Inserting entity with GID (0000000400000002).
2/4/2024 12:44:02 AM : Inserting entity with GID (0000000400000003).
2/4/2024 12:44:02 AM : The WCF service GenericDataAccess is ready.
2/4/2024 12:44:02 AM : Endpoints:
2/4/2024 12:44:02 AM : net.tcp://localhost:10000/NetworkModelService/GDA/
2/4/2024 12:44:02 AM : Connection string: ../NetworkModelData.data
2/4/2024 12:44:02 AM : Trace level: Info
2/4/2024 12:44:02 AM : The Network Model Service is started.
2/4/2024 12:44:02 AM : Press <Enter> to stop the service.
2/4/2024 12:56:14 AM : Starting Network Model Serivice...
2/4/2024 12:56:14 AM : Inserting entity with GID (0000000100000001).
2/4/2024 12:56:14 AM : Inserting entity with GID (0000000500000001).
2/4/2024 12:56:14 AM : Inserting entity with GID (0000000500000002).
2/4/2024 12:56:14 AM : Inserting entity with GID (0000000600000001).
2/4/2024 12:56:14 AM : Inserting entity with GID (0000000600000002).
2/4/2024 12:56:14 AM : Inserting entity with GID (0000000200000001).
2/4/2024 12:56:14 AM : Inserting entity with GID (0000000300000001).
2/4/2024 12:56:14 AM : Inserting entity with GID (0000000400000001).
2/4/2024 12:56:14 AM : Inserting entity with GID (0000000400000002).
2/4/2024 12:56:14 AM : Inserting entity with GID (0000000400000003).
2/4/2024 12:56:15 AM : The WCF service GenericDataAccess is ready.
2/4/2024 12:56:15 AM : Endpoints:
2/4/2024 12:56:15 AM : net.tcp://localhost:10000/NetworkModelService/GDA/
2/4/2024 12:56:15 AM : Connection string: ../NetworkModelData.data
2/4/2024 12:56:15 AM : Trace level: Info
2/4/2024 12:56:15 AM : The Network Model Service is started.
2/4/2024 12:56:15 AM : Press <Enter> to stop the service.
2/4/2024 5:24:03 PM : Starting Network Model Serivice...
2/4/2024 5:24:03 PM : Inserting entity with GID (0000000100000001).
2/4/2024 5:24:03 PM : Inserting entity with GID (0000000500000001).
2/4/2024 5:24:03 PM : Inserting entity with GID (0000000500000002).
2/4/2024 5:24:03 PM : Inserting entity with GID (0000000600000001).
2/4/2024 5:24:03 PM : Inserting entity with GID (0000000600000002).
2/4/2024 5:24:03 PM : Inserting entity with GID (0000000200000001).
2/4/2024 5:24:03 PM : Inserting entity with GID (0000000300000001).
2/4/2024 5:24:03 PM : Inserting entity with GID (0000000400000001).
2/4/2024 5:24:03 PM : Inserting entity with GID (0000000400000002).
2/4/2024 5:24:03 PM : Inserting entity with GID (0000000400000003).
2/4/2024 5:24:04 PM : The WCF service GenericDataAccess is ready.
2/4/2024 5:24:04 PM : Endpoints:
2/4/2024 5:24:04 PM : net.tcp://localhost:10000/NetworkModelService/GDA/
2/4/2024 5:24:04 PM : Connection string: ../NetworkModelData.data
2/4/2024 5:24:04 PM : Trace level: Info
2/4/2024 5:24:04 PM : The Network Model Service is started.
2/4/2024 5:24:04 PM : Press <Enter> to stop the service.
2/4/2024 5:47:41 PM : Starting Network Model Serivice...
2/4/2024 5:47:41 PM : Inserting entity with GID (0000000100000001).
2/4/2024 5:47:41 PM : Inserting entity with GID (0000000500000001).
2/4/2024 5:47:41 PM : Inserting entity with GID (0000000500000002).
2/4/2024 5:47:41 PM : Inserting entity with GID (0000000600000001).
2/4/2024 5:47:41 PM : Inserting entity with GID (0000000600000002).
2/4/2024 5:47:41 PM : Inserting entity with GID (0000000200000001).
2/4/2024 5:47:41 PM : Inserting entity with GID (0000000300000001).
2/4/2024 5:47:41 PM : Inserting entity with GID (0000000400000001).
2/4/2024 5:47:41 PM : Inserting entity with GID (0000000400000002).
2/4/2024 5:47:41 PM : Inserting entity with GID (0000000400000003).
2/4/2024 5:47:42 PM : The WCF service GenericDataAccess is ready.
2/4/2024 5:47:42 PM : Endpoints:
2/4/2024 5:47:42 PM : net.tcp://localhost:10000/NetworkModelService/GDA/
2/4/2024 5:47:42 PM : Connection string: ../NetworkModelData.data
2/4/2024 5:47:42 PM : Trace level: Info
2/4/2024 5:47:42 PM : The Network Model Service is started.
2/4/2024 5:47:42 PM : Press <Enter> to stop the service.
3/7/2024 4:01:14 PM : Starting Network Model Serivice...
3/7/2024 4:01:14 PM : Inserting entity with GID (0000000100000001).
3/7/2024 4:01:14 PM : Inserting entity with GID (0000000500000001).
3/7/2024 4:01:14 PM : Inserting entity with GID (0000000500000002).
3/7/2024 4:01:14 PM : Inserting entity with GID (0000000600000001).
3/7/2024 4:01:14 PM : Inserting entity with GID (0000000600000002).
3/7/2024 4:01:14 PM : Inserting entity with GID (0000000200000001).
3/7/2024 4:01:14 PM : Inserting entity with GID (0000000300000001).
3/7/2024 4:01:14 PM : Inserting entity with GID (0000000400000001).
3/7/2024 4:01:14 PM : Inserting entity with GID (0000000400000002).
3/7/2024 4:01:14 PM : Inserting entity with GID (0000000400000003).
3/7/2024 4:01:15 PM : The WCF service GenericDataAccess is ready.
3/7/2024 4:01:15 PM : Endpoints:
3/7/2024 4:01:15 PM : net.tcp://localhost:10000/NetworkModelService/GDA/
3/7/2024 4:01:15 PM : Connection string: ../NetworkModelData.data
3/7/2024 4:01:15 PM : Trace level: Info
3/7/2024 4:01:15 PM : The Network Model Service is started.
3/7/2024 4:01:15 PM : Press <Enter> to stop the service.
3/8/2024 4:42:35 PM : Starting Network Model Serivice...
3/8/2024 4:42:36 PM : Inserting entity with GID (0000000100000001).
3/8/2024 4:42:36 PM : Inserting entity with GID (0000000500000001).
3/8/2024 4:42:36 PM : Inserting entity with GID (0000000500000002).
3/8/2024 4:42:36 PM : Inserting entity with GID (0000000600000001).
3/8/2024 4:42:36 PM : Inserting entity with GID (0000000600000002).
3/8/2024 4:42:36 PM : Inserting entity with GID (0000000200000001).
3/8/2024 4:42:36 PM : Inserting entity with GID (0000000300000001).
3/8/2024 4:42:36 PM : Inserting entity with GID (0000000400000001).
3/8/2024 4:42:36 PM : Inserting entity with GID (0000000400000002).
3/8/2024 4:42:36 PM : Inserting entity with GID (0000000400000003).
3/8/2024 4:42:36 PM : The WCF service GenericDataAccess is ready.
3/8/2024 4:42:36 PM : Endpoints:
3/8/2024 4:42:36 PM : net.tcp://localhost:10000/NetworkModelService/GDA/
3/8/2024 4:42:36 PM : Connection string: ../NetworkModelData.data
3/8/2024 4:42:36 PM : Trace level: Info
3/8/2024 4:42:36 PM : The Network Model Service is started.
3/8/2024 4:42:36 PM : Press <Enter> to stop the service.
3/8/2024 4:44:33 PM : Failed to get related values for source GID = 0x0000000100000001. Entity with GID = 0x0000000100000001 does not contain prperty with Id = TERMINAL_CONDUCTINGEQUIPMENT..
3/8/2024 4:44:33 PM : Getting related values for resource with ID = 0x0000000100000001 failed. Failed to get related values for source GID = 0x0000000100000001. Entity with GID = 0x0000000100000001 does not contain prperty with Id = TERMINAL_CONDUCTINGEQUIPMENT..
3/8/2024 4:46:07 PM : Starting Network Model Serivice...
3/8/2024 4:46:07 PM : Inserting entity with GID (0000000100000001).
3/8/2024 4:46:07 PM : Inserting entity with GID (0000000500000001).
3/8/2024 4:46:07 PM : Inserting entity with GID (0000000500000002).
3/8/2024 4:46:07 PM : Inserting entity with GID (0000000600000001).
3/8/2024 4:46:07 PM : Inserting entity with GID (0000000600000002).
3/8/2024 4:46:07 PM : Inserting entity with GID (0000000200000001).
3/8/2024 4:46:07 PM : Inserting entity with GID (0000000300000001).
3/8/2024 4:46:07 PM : Inserting entity with GID (0000000400000001).
3/8/2024 4:46:07 PM : Inserting entity with GID (0000000400000002).
3/8/2024 4:46:07 PM : Inserting entity with GID (0000000400000003).
3/8/2024 4:46:08 PM : The WCF service GenericDataAccess is ready.
3/8/2024 4:46:08 PM : Endpoints:
3/8/2024 4:46:08 PM : net.tcp://localhost:10000/NetworkModelService/GDA/
3/8/2024 4:46:08 PM : Connection string: ../NetworkModelData.data
3/8/2024 4:46:08 PM : Trace level: Info
3/8/2024 4:46:08 PM : The Network Model Service is started.
3/8/2024 4:46:08 PM : Press <Enter> to stop the service.
3/10/2024 10:30:08 PM : Starting Network Model Serivice...
3/10/2024 10:30:08 PM : Inserting entity with GID (0000000100000001).
3/10/2024 10:30:08 PM : Inserting entity with GID (0000000500000001).
3/10/2024 10:30:08 PM : Inserting entity with GID (0000000500000002).
3/10/2024 10:30:08 PM : Inserting entity with GID (0000000600000001).
3/10/2024 10:30:08 PM : Inserting entity with GID (0000000600000002).
3/10/2024 10:30:08 PM : Inserting entity with GID (0000000200000001).
3/10/2024 10:30:08 PM : Inserting entity with GID (0000000300000001).
3/10/2024 10:30:08 PM : Inserting entity with GID (0000000400000001).
3/10/2024 10:30:08 PM : Inserting entity with GID (0000000400000002).
3/10/2024 10:30:08 PM : Inserting entity with GID (0000000400000003).
3/10/2024 10:30:08 PM : The WCF service GenericDataAccess is ready.
3/10/2024 10:30:08 PM : Endpoints:
3/10/2024 10:30:08 PM : net.tcp://localhost:10000/NetworkModelService/GDA/
3/10/2024 10:30:08 PM : Connection string: ../NetworkModelData.data
3/10/2024 10:30:08 PM : Trace level: Info
3/10/2024 10:30:08 PM : The Network Model Service is started.
3/10/2024 10:30:08 PM : Press <Enter> to stop the service.
3/11/2024 12:20:34 AM : Starting Network Model Serivice...
3/11/2024 12:20:34 AM : Inserting entity with GID (0000000100000001).
3/11/2024 12:20:34 AM : Inserting entity with GID (0000000500000001).
3/11/2024 12:20:34 AM : Inserting entity with GID (0000000500000002).
3/11/2024 12:20:34 AM : Inserting entity with GID (0000000600000001).
3/11/2024 12:20:34 AM : Inserting entity with GID (0000000600000002).
3/11/2024 12:20:34 AM : Inserting entity with GID (0000000200000001).
3/11/2024 12:20:34 AM : Inserting entity with GID (0000000300000001).
3/11/2024 12:20:34 AM : Inserting entity with GID (0000000400000001).
3/11/2024 12:20:34 AM : Inserting entity with GID (0000000400000002).
3/11/2024 12:20:34 AM : Inserting entity with GID (0000000400000003).
3/11/2024 12:20:34 AM : The WCF service GenericDataAccess is ready.
3/11/2024 12:20:34 AM : Endpoints:
3/11/2024 12:20:34 AM : net.tcp://localhost:10000/NetworkModelService/GDA/
3/11/2024 12:20:34 AM : Connection string: ../NetworkModelData.data
3/11/2024 12:20:34 AM : Trace level: Info
3/11/2024 12:20:34 AM : The Network Model Service is started.
3/11/2024 12:20:34 AM : Press <Enter> to stop the service.
3/11/2024 12:42:32 PM : Starting Network Model Serivice...
3/11/2024 12:42:32 PM : Inserting entity with GID (0000000100000001).
3/11/2024 12:42:32 PM : Inserting entity with GID (0000000500000001).
3/11/2024 12:42:32 PM : Inserting entity with GID (0000000500000002).
3/11/2024 12:42:32 PM : Inserting entity with GID (0000000600000001).
3/11/2024 12:42:32 PM : Inserting entity with GID (0000000600000002).
3/11/2024 12:42:32 PM : Inserting entity with GID (0000000200000001).
3/11/2024 12:42:32 PM : Inserting entity with GID (0000000300000001).
3/11/2024 12:42:32 PM : Inserting entity with GID (0000000400000001).
3/11/2024 12:42:32 PM : Inserting entity with GID (0000000400000002).
3/11/2024 12:42:32 PM : Inserting entity with GID (0000000400000003).
3/11/2024 12:42:33 PM : The WCF service GenericDataAccess is ready.
3/11/2024 12:42:33 PM : Endpoints:
3/11/2024 12:42:33 PM : net.tcp://localhost:10000/NetworkModelService/GDA/
3/11/2024 12:42:33 PM : Connection string: ../NetworkModelData.data
3/11/2024 12:42:33 PM : Trace level: Info
3/11/2024 12:42:33 PM : The Network Model Service is started.
3/11/2024 12:42:33 PM : Press <Enter> to stop the service.
